Created by PLY version 3.11 (http://www.dabeaz.com/ply)

Unused terminals:

    DASH
    LINFOCITOS
    MONOCITOS
    NEUTROFILOS

Grammar

Rule 0     S' -> S
Rule 1     S -> LKEY A RKEY
Rule 2     A -> FOLIO COLON NUM_FOLIO COMMA B
Rule 3     B -> FECHA_FORMA COLON FECHA_HORA COMMA C
Rule 4     C -> FECHA_VALIDACION COLON FECHA_HORA COMMA D
Rule 5     D -> PACIENTE COLON LKEY E RKEY COMMA I
Rule 6     E -> NOMBRE COLON CADENA COMMA F
Rule 7     F -> FECHA_NAC COLON FECHA COMMA G
Rule 8     G -> SEXO COLON CARACTER COMMA H
Rule 9     H -> EDAD COLON NUM_EDAD
Rule 10    I -> MEDICO_SOLICIANTE COLON CADENA COMMA J
Rule 11    J -> SECCION COLON BIOMETRIA_HEMATICA COMMA K
Rule 12    K -> PARAMETROS COLON LTKEY O RTKEY COMMA L
Rule 13    L -> FIRMA COLON LKEY M RKEY
Rule 14    M -> RESPONSABLE COLON CADENA COMMA N
Rule 15    N -> CEDULA COLON NUM_CEDULA
Rule 16    O -> O COMMA PARAMETRO
Rule 17    O -> PARAMETRO
Rule 18    PARAMETRO -> LKEY NOMBRE COLON LEUCOCITOS COMMA RESULTADO COLON NUM_RESULTADO COMMA UNIDAD COLON SIMBOLO_UNIDAD_MCPL COMMA LIMITE COLON LIMITE_VALUES P RKEY
Rule 19    PARAMETRO -> LKEY NOMBRE COLON ERITROCITOS COMMA RESULTADO COLON NUM_RESULTADO COMMA UNIDAD COLON SIMBOLO_UNIDAD_MCPL COMMA LIMITE COLON LIMITE_VALUES P RKEY
Rule 20    PARAMETRO -> LKEY NOMBRE COLON HEMOGLOBINA COMMA RESULTADO COLON NUM_RESULTADO COMMA UNIDAD COLON SIMBOLO_UNIDAD_GPD COMMA LIMITE COLON LIMITE_VALUES P RKEY
Rule 21    PARAMETRO -> LKEY NOMBRE COLON HEMATOCRITO COMMA RESULTADO COLON NUM_RESULTADO COMMA UNIDAD COLON SIMBOLO_UNIDAD_PORCENTAJE COMMA LIMITE COLON LIMITE_VALUES P RKEY
Rule 22    PARAMETRO -> LKEY NOMBRE COLON PLAQUETAS COMMA RESULTADO COLON NUM_PLAQUETAS COMMA UNIDAD COLON SIMBOLO_UNIDAD_MCPL COMMA LIMITE COLON LIMITE_VALUES P RKEY
Rule 23    P -> COMMA NOTA COLON SIMBOLOS_NOTA
Rule 24    P -> <empty>

Terminals, with rules where they appear

BIOMETRIA_HEMATICA   : 11
CADENA               : 6 10 14
CARACTER             : 8
CEDULA               : 15
COLON                : 2 3 4 5 6 7 8 9 10 11 12 13 14 15 18 18 18 18 19 19 19 19 20 20 20 20 21 21 21 21 22 22 22 22 23
COMMA                : 2 3 4 5 6 7 8 10 11 12 14 16 18 18 18 19 19 19 20 20 20 21 21 21 22 22 22 23
DASH                 : 
EDAD                 : 9
ERITROCITOS          : 19
FECHA                : 7
FECHA_FORMA          : 3
FECHA_HORA           : 3 4
FECHA_NAC            : 7
FECHA_VALIDACION     : 4
FIRMA                : 13
FOLIO                : 2
HEMATOCRITO          : 21
HEMOGLOBINA          : 20
LEUCOCITOS           : 18
LIMITE               : 18 19 20 21 22
LIMITE_VALUES        : 18 19 20 21 22
LINFOCITOS           : 
LKEY                 : 1 5 13 18 19 20 21 22
LTKEY                : 12
MEDICO_SOLICIANTE    : 10
MONOCITOS            : 
NEUTROFILOS          : 
NOMBRE               : 6 18 19 20 21 22
NOTA                 : 23
NUM_CEDULA           : 15
NUM_EDAD             : 9
NUM_FOLIO            : 2
NUM_PLAQUETAS        : 22
NUM_RESULTADO        : 18 19 20 21
PACIENTE             : 5
PARAMETROS           : 12
PLAQUETAS            : 22
RESPONSABLE          : 14
RESULTADO            : 18 19 20 21 22
RKEY                 : 1 5 13 18 19 20 21 22
RTKEY                : 12
SECCION              : 11
SEXO                 : 8
SIMBOLOS_NOTA        : 23
SIMBOLO_UNIDAD_GPD   : 20
SIMBOLO_UNIDAD_MCPL  : 18 19 22
SIMBOLO_UNIDAD_PORCENTAJE : 21
UNIDAD               : 18 19 20 21 22
error                : 

Nonterminals, with rules where they appear

A                    : 1
B                    : 2
C                    : 3
D                    : 4
E                    : 5
F                    : 6
G                    : 7
H                    : 8
I                    : 5
J                    : 10
K                    : 11
L                    : 12
M                    : 13
N                    : 14
O                    : 12 16
P                    : 18 19 20 21 22
PARAMETRO            : 16 17
S                    : 0

Parsing method: LALR

state 0

    (0) S' -> . S
    (1) S -> . LKEY A RKEY

    LKEY            shift and go to state 2

    S                              shift and go to state 1

state 1

    (0) S' -> S .



state 2

    (1) S -> LKEY . A RKEY
    (2) A -> . FOLIO COLON NUM_FOLIO COMMA B

    FOLIO           shift and go to state 4

    A                              shift and go to state 3

state 3

    (1) S -> LKEY A . RKEY

    RKEY            shift and go to state 5


state 4

    (2) A -> FOLIO . COLON NUM_FOLIO COMMA B

    COLON           shift and go to state 6


state 5

    (1) S -> LKEY A RKEY .

    $end            reduce using rule 1 (S -> LKEY A RKEY .)


state 6

    (2) A -> FOLIO COLON . NUM_FOLIO COMMA B

    NUM_FOLIO       shift and go to state 7


state 7

    (2) A -> FOLIO COLON NUM_FOLIO . COMMA B

    COMMA           shift and go to state 8


state 8

    (2) A -> FOLIO COLON NUM_FOLIO COMMA . B
    (3) B -> . FECHA_FORMA COLON FECHA_HORA COMMA C

    FECHA_FORMA     shift and go to state 10

    B                              shift and go to state 9

state 9

    (2) A -> FOLIO COLON NUM_FOLIO COMMA B .

    RKEY            reduce using rule 2 (A -> FOLIO COLON NUM_FOLIO COMMA B .)


state 10

    (3) B -> FECHA_FORMA . COLON FECHA_HORA COMMA C

    COLON           shift and go to state 11


state 11

    (3) B -> FECHA_FORMA COLON . FECHA_HORA COMMA C

    FECHA_HORA      shift and go to state 12


state 12

    (3) B -> FECHA_FORMA COLON FECHA_HORA . COMMA C

    COMMA           shift and go to state 13


state 13

    (3) B -> FECHA_FORMA COLON FECHA_HORA COMMA . C
    (4) C -> . FECHA_VALIDACION COLON FECHA_HORA COMMA D

    FECHA_VALIDACION shift and go to state 15

    C                              shift and go to state 14

state 14

    (3) B -> FECHA_FORMA COLON FECHA_HORA COMMA C .

    RKEY            reduce using rule 3 (B -> FECHA_FORMA COLON FECHA_HORA COMMA C .)


state 15

    (4) C -> FECHA_VALIDACION . COLON FECHA_HORA COMMA D

    COLON           shift and go to state 16


state 16

    (4) C -> FECHA_VALIDACION COLON . FECHA_HORA COMMA D

    FECHA_HORA      shift and go to state 17


state 17

    (4) C -> FECHA_VALIDACION COLON FECHA_HORA . COMMA D

    COMMA           shift and go to state 18


state 18

    (4) C -> FECHA_VALIDACION COLON FECHA_HORA COMMA . D
    (5) D -> . PACIENTE COLON LKEY E RKEY COMMA I

    PACIENTE        shift and go to state 20

    D                              shift and go to state 19

state 19

    (4) C -> FECHA_VALIDACION COLON FECHA_HORA COMMA D .

    RKEY            reduce using rule 4 (C -> FECHA_VALIDACION COLON FECHA_HORA COMMA D .)


state 20

    (5) D -> PACIENTE . COLON LKEY E RKEY COMMA I

    COLON           shift and go to state 21


state 21

    (5) D -> PACIENTE COLON . LKEY E RKEY COMMA I

    LKEY            shift and go to state 22


state 22

    (5) D -> PACIENTE COLON LKEY . E RKEY COMMA I
    (6) E -> . NOMBRE COLON CADENA COMMA F

    NOMBRE          shift and go to state 24

    E                              shift and go to state 23

state 23

    (5) D -> PACIENTE COLON LKEY E . RKEY COMMA I

    RKEY            shift and go to state 25


state 24

    (6) E -> NOMBRE . COLON CADENA COMMA F

    COLON           shift and go to state 26


state 25

    (5) D -> PACIENTE COLON LKEY E RKEY . COMMA I

    COMMA           shift and go to state 27


state 26

    (6) E -> NOMBRE COLON . CADENA COMMA F

    CADENA          shift and go to state 28


state 27

    (5) D -> PACIENTE COLON LKEY E RKEY COMMA . I
    (10) I -> . MEDICO_SOLICIANTE COLON CADENA COMMA J

    MEDICO_SOLICIANTE shift and go to state 30

    I                              shift and go to state 29

state 28

    (6) E -> NOMBRE COLON CADENA . COMMA F

    COMMA           shift and go to state 31


state 29

    (5) D -> PACIENTE COLON LKEY E RKEY COMMA I .

    RKEY            reduce using rule 5 (D -> PACIENTE COLON LKEY E RKEY COMMA I .)


state 30

    (10) I -> MEDICO_SOLICIANTE . COLON CADENA COMMA J

    COLON           shift and go to state 32


state 31

    (6) E -> NOMBRE COLON CADENA COMMA . F
    (7) F -> . FECHA_NAC COLON FECHA COMMA G

    FECHA_NAC       shift and go to state 34

    F                              shift and go to state 33

state 32

    (10) I -> MEDICO_SOLICIANTE COLON . CADENA COMMA J

    CADENA          shift and go to state 35


state 33

    (6) E -> NOMBRE COLON CADENA COMMA F .

    RKEY            reduce using rule 6 (E -> NOMBRE COLON CADENA COMMA F .)


state 34

    (7) F -> FECHA_NAC . COLON FECHA COMMA G

    COLON           shift and go to state 36


state 35

    (10) I -> MEDICO_SOLICIANTE COLON CADENA . COMMA J

    COMMA           shift and go to state 37


state 36

    (7) F -> FECHA_NAC COLON . FECHA COMMA G

    FECHA           shift and go to state 38


state 37

    (10) I -> MEDICO_SOLICIANTE COLON CADENA COMMA . J
    (11) J -> . SECCION COLON BIOMETRIA_HEMATICA COMMA K

    SECCION         shift and go to state 40

    J                              shift and go to state 39

state 38

    (7) F -> FECHA_NAC COLON FECHA . COMMA G

    COMMA           shift and go to state 41


state 39

    (10) I -> MEDICO_SOLICIANTE COLON CADENA COMMA J .

    RKEY            reduce using rule 10 (I -> MEDICO_SOLICIANTE COLON CADENA COMMA J .)


state 40

    (11) J -> SECCION . COLON BIOMETRIA_HEMATICA COMMA K

    COLON           shift and go to state 42


state 41

    (7) F -> FECHA_NAC COLON FECHA COMMA . G
    (8) G -> . SEXO COLON CARACTER COMMA H

    SEXO            shift and go to state 44

    G                              shift and go to state 43

state 42

    (11) J -> SECCION COLON . BIOMETRIA_HEMATICA COMMA K

    BIOMETRIA_HEMATICA shift and go to state 45


state 43

    (7) F -> FECHA_NAC COLON FECHA COMMA G .

    RKEY            reduce using rule 7 (F -> FECHA_NAC COLON FECHA COMMA G .)


state 44

    (8) G -> SEXO . COLON CARACTER COMMA H

    COLON           shift and go to state 46


state 45

    (11) J -> SECCION COLON BIOMETRIA_HEMATICA . COMMA K

    COMMA           shift and go to state 47


state 46

    (8) G -> SEXO COLON . CARACTER COMMA H

    CARACTER        shift and go to state 48


state 47

    (11) J -> SECCION COLON BIOMETRIA_HEMATICA COMMA . K
    (12) K -> . PARAMETROS COLON LTKEY O RTKEY COMMA L

    PARAMETROS      shift and go to state 50

    K                              shift and go to state 49

state 48

    (8) G -> SEXO COLON CARACTER . COMMA H

    COMMA           shift and go to state 51


state 49

    (11) J -> SECCION COLON BIOMETRIA_HEMATICA COMMA K .

    RKEY            reduce using rule 11 (J -> SECCION COLON BIOMETRIA_HEMATICA COMMA K .)


state 50

    (12) K -> PARAMETROS . COLON LTKEY O RTKEY COMMA L

    COLON           shift and go to state 52


state 51

    (8) G -> SEXO COLON CARACTER COMMA . H
    (9) H -> . EDAD COLON NUM_EDAD

    EDAD            shift and go to state 54

    H                              shift and go to state 53

state 52

    (12) K -> PARAMETROS COLON . LTKEY O RTKEY COMMA L

    LTKEY           shift and go to state 55


state 53

    (8) G -> SEXO COLON CARACTER COMMA H .

    RKEY            reduce using rule 8 (G -> SEXO COLON CARACTER COMMA H .)


state 54

    (9) H -> EDAD . COLON NUM_EDAD

    COLON           shift and go to state 56


state 55

    (12) K -> PARAMETROS COLON LTKEY . O RTKEY COMMA L
    (16) O -> . O COMMA PARAMETRO
    (17) O -> . PARAMETRO
    (18) PARAMETRO -> . LKEY NOMBRE COLON LEUCOCITOS COMMA RESULTADO COLON NUM_RESULTADO COMMA UNIDAD COLON SIMBOLO_UNIDAD_MCPL COMMA LIMITE COLON LIMITE_VALUES P RKEY
    (19) PARAMETRO -> . LKEY NOMBRE COLON ERITROCITOS COMMA RESULTADO COLON NUM_RESULTADO COMMA UNIDAD COLON SIMBOLO_UNIDAD_MCPL COMMA LIMITE COLON LIMITE_VALUES P RKEY
    (20) PARAMETRO -> . LKEY NOMBRE COLON HEMOGLOBINA COMMA RESULTADO COLON NUM_RESULTADO COMMA UNIDAD COLON SIMBOLO_UNIDAD_GPD COMMA LIMITE COLON LIMITE_VALUES P RKEY
    (21) PARAMETRO -> . LKEY NOMBRE COLON HEMATOCRITO COMMA RESULTADO COLON NUM_RESULTADO COMMA UNIDAD COLON SIMBOLO_UNIDAD_PORCENTAJE COMMA LIMITE COLON LIMITE_VALUES P RKEY
    (22) PARAMETRO -> . LKEY NOMBRE COLON PLAQUETAS COMMA RESULTADO COLON NUM_PLAQUETAS COMMA UNIDAD COLON SIMBOLO_UNIDAD_MCPL COMMA LIMITE COLON LIMITE_VALUES P RKEY

    LKEY            shift and go to state 59

    O                              shift and go to state 57
    PARAMETRO                      shift and go to state 58

state 56

    (9) H -> EDAD COLON . NUM_EDAD

    NUM_EDAD        shift and go to state 60


state 57

    (12) K -> PARAMETROS COLON LTKEY O . RTKEY COMMA L
    (16) O -> O . COMMA PARAMETRO

    RTKEY           shift and go to state 61
    COMMA           shift and go to state 62


state 58

    (17) O -> PARAMETRO .

    RTKEY           reduce using rule 17 (O -> PARAMETRO .)
    COMMA           reduce using rule 17 (O -> PARAMETRO .)


state 59

    (18) PARAMETRO -> LKEY . NOMBRE COLON LEUCOCITOS COMMA RESULTADO COLON NUM_RESULTADO COMMA UNIDAD COLON SIMBOLO_UNIDAD_MCPL COMMA LIMITE COLON LIMITE_VALUES P RKEY
    (19) PARAMETRO -> LKEY . NOMBRE COLON ERITROCITOS COMMA RESULTADO COLON NUM_RESULTADO COMMA UNIDAD COLON SIMBOLO_UNIDAD_MCPL COMMA LIMITE COLON LIMITE_VALUES P RKEY
    (20) PARAMETRO -> LKEY . NOMBRE COLON HEMOGLOBINA COMMA RESULTADO COLON NUM_RESULTADO COMMA UNIDAD COLON SIMBOLO_UNIDAD_GPD COMMA LIMITE COLON LIMITE_VALUES P RKEY
    (21) PARAMETRO -> LKEY . NOMBRE COLON HEMATOCRITO COMMA RESULTADO COLON NUM_RESULTADO COMMA UNIDAD COLON SIMBOLO_UNIDAD_PORCENTAJE COMMA LIMITE COLON LIMITE_VALUES P RKEY
    (22) PARAMETRO -> LKEY . NOMBRE COLON PLAQUETAS COMMA RESULTADO COLON NUM_PLAQUETAS COMMA UNIDAD COLON SIMBOLO_UNIDAD_MCPL COMMA LIMITE COLON LIMITE_VALUES P RKEY

    NOMBRE          shift and go to state 63


state 60

    (9) H -> EDAD COLON NUM_EDAD .

    RKEY            reduce using rule 9 (H -> EDAD COLON NUM_EDAD .)


state 61

    (12) K -> PARAMETROS COLON LTKEY O RTKEY . COMMA L

    COMMA           shift and go to state 64


state 62

    (16) O -> O COMMA . PARAMETRO
    (18) PARAMETRO -> . LKEY NOMBRE COLON LEUCOCITOS COMMA RESULTADO COLON NUM_RESULTADO COMMA UNIDAD COLON SIMBOLO_UNIDAD_MCPL COMMA LIMITE COLON LIMITE_VALUES P RKEY
    (19) PARAMETRO -> . LKEY NOMBRE COLON ERITROCITOS COMMA RESULTADO COLON NUM_RESULTADO COMMA UNIDAD COLON SIMBOLO_UNIDAD_MCPL COMMA LIMITE COLON LIMITE_VALUES P RKEY
    (20) PARAMETRO -> . LKEY NOMBRE COLON HEMOGLOBINA COMMA RESULTADO COLON NUM_RESULTADO COMMA UNIDAD COLON SIMBOLO_UNIDAD_GPD COMMA LIMITE COLON LIMITE_VALUES P RKEY
    (21) PARAMETRO -> . LKEY NOMBRE COLON HEMATOCRITO COMMA RESULTADO COLON NUM_RESULTADO COMMA UNIDAD COLON SIMBOLO_UNIDAD_PORCENTAJE COMMA LIMITE COLON LIMITE_VALUES P RKEY
    (22) PARAMETRO -> . LKEY NOMBRE COLON PLAQUETAS COMMA RESULTADO COLON NUM_PLAQUETAS COMMA UNIDAD COLON SIMBOLO_UNIDAD_MCPL COMMA LIMITE COLON LIMITE_VALUES P RKEY

    LKEY            shift and go to state 59

    PARAMETRO                      shift and go to state 65

state 63

    (18) PARAMETRO -> LKEY NOMBRE . COLON LEUCOCITOS COMMA RESULTADO COLON NUM_RESULTADO COMMA UNIDAD COLON SIMBOLO_UNIDAD_MCPL COMMA LIMITE COLON LIMITE_VALUES P RKEY
    (19) PARAMETRO -> LKEY NOMBRE . COLON ERITROCITOS COMMA RESULTADO COLON NUM_RESULTADO COMMA UNIDAD COLON SIMBOLO_UNIDAD_MCPL COMMA LIMITE COLON LIMITE_VALUES P RKEY
    (20) PARAMETRO -> LKEY NOMBRE . COLON HEMOGLOBINA COMMA RESULTADO COLON NUM_RESULTADO COMMA UNIDAD COLON SIMBOLO_UNIDAD_GPD COMMA LIMITE COLON LIMITE_VALUES P RKEY
    (21) PARAMETRO -> LKEY NOMBRE . COLON HEMATOCRITO COMMA RESULTADO COLON NUM_RESULTADO COMMA UNIDAD COLON SIMBOLO_UNIDAD_PORCENTAJE COMMA LIMITE COLON LIMITE_VALUES P RKEY
    (22) PARAMETRO -> LKEY NOMBRE . COLON PLAQUETAS COMMA RESULTADO COLON NUM_PLAQUETAS COMMA UNIDAD COLON SIMBOLO_UNIDAD_MCPL COMMA LIMITE COLON LIMITE_VALUES P RKEY

    COLON           shift and go to state 66


state 64

    (12) K -> PARAMETROS COLON LTKEY O RTKEY COMMA . L
    (13) L -> . FIRMA COLON LKEY M RKEY

    FIRMA           shift and go to state 68

    L                              shift and go to state 67

state 65

    (16) O -> O COMMA PARAMETRO .

    RTKEY           reduce using rule 16 (O -> O COMMA PARAMETRO .)
    COMMA           reduce using rule 16 (O -> O COMMA PARAMETRO .)


state 66

    (18) PARAMETRO -> LKEY NOMBRE COLON . LEUCOCITOS COMMA RESULTADO COLON NUM_RESULTADO COMMA UNIDAD COLON SIMBOLO_UNIDAD_MCPL COMMA LIMITE COLON LIMITE_VALUES P RKEY
    (19) PARAMETRO -> LKEY NOMBRE COLON . ERITROCITOS COMMA RESULTADO COLON NUM_RESULTADO COMMA UNIDAD COLON SIMBOLO_UNIDAD_MCPL COMMA LIMITE COLON LIMITE_VALUES P RKEY
    (20) PARAMETRO -> LKEY NOMBRE COLON . HEMOGLOBINA COMMA RESULTADO COLON NUM_RESULTADO COMMA UNIDAD COLON SIMBOLO_UNIDAD_GPD COMMA LIMITE COLON LIMITE_VALUES P RKEY
    (21) PARAMETRO -> LKEY NOMBRE COLON . HEMATOCRITO COMMA RESULTADO COLON NUM_RESULTADO COMMA UNIDAD COLON SIMBOLO_UNIDAD_PORCENTAJE COMMA LIMITE COLON LIMITE_VALUES P RKEY
    (22) PARAMETRO -> LKEY NOMBRE COLON . PLAQUETAS COMMA RESULTADO COLON NUM_PLAQUETAS COMMA UNIDAD COLON SIMBOLO_UNIDAD_MCPL COMMA LIMITE COLON LIMITE_VALUES P RKEY

    LEUCOCITOS      shift and go to state 69
    ERITROCITOS     shift and go to state 70
    HEMOGLOBINA     shift and go to state 71
    HEMATOCRITO     shift and go to state 72
    PLAQUETAS       shift and go to state 73


state 67

    (12) K -> PARAMETROS COLON LTKEY O RTKEY COMMA L .

    RKEY            reduce using rule 12 (K -> PARAMETROS COLON LTKEY O RTKEY COMMA L .)


state 68

    (13) L -> FIRMA . COLON LKEY M RKEY

    COLON           shift and go to state 74


state 69

    (18) PARAMETRO -> LKEY NOMBRE COLON LEUCOCITOS . COMMA RESULTADO COLON NUM_RESULTADO COMMA UNIDAD COLON SIMBOLO_UNIDAD_MCPL COMMA LIMITE COLON LIMITE_VALUES P RKEY

    COMMA           shift and go to state 75


state 70

    (19) PARAMETRO -> LKEY NOMBRE COLON ERITROCITOS . COMMA RESULTADO COLON NUM_RESULTADO COMMA UNIDAD COLON SIMBOLO_UNIDAD_MCPL COMMA LIMITE COLON LIMITE_VALUES P RKEY

    COMMA           shift and go to state 76


state 71

    (20) PARAMETRO -> LKEY NOMBRE COLON HEMOGLOBINA . COMMA RESULTADO COLON NUM_RESULTADO COMMA UNIDAD COLON SIMBOLO_UNIDAD_GPD COMMA LIMITE COLON LIMITE_VALUES P RKEY

    COMMA           shift and go to state 77


state 72

    (21) PARAMETRO -> LKEY NOMBRE COLON HEMATOCRITO . COMMA RESULTADO COLON NUM_RESULTADO COMMA UNIDAD COLON SIMBOLO_UNIDAD_PORCENTAJE COMMA LIMITE COLON LIMITE_VALUES P RKEY

    COMMA           shift and go to state 78


state 73

    (22) PARAMETRO -> LKEY NOMBRE COLON PLAQUETAS . COMMA RESULTADO COLON NUM_PLAQUETAS COMMA UNIDAD COLON SIMBOLO_UNIDAD_MCPL COMMA LIMITE COLON LIMITE_VALUES P RKEY

    COMMA           shift and go to state 79


state 74

    (13) L -> FIRMA COLON . LKEY M RKEY

    LKEY            shift and go to state 80


state 75

    (18) PARAMETRO -> LKEY NOMBRE COLON LEUCOCITOS COMMA . RESULTADO COLON NUM_RESULTADO COMMA UNIDAD COLON SIMBOLO_UNIDAD_MCPL COMMA LIMITE COLON LIMITE_VALUES P RKEY

    RESULTADO       shift and go to state 81


state 76

    (19) PARAMETRO -> LKEY NOMBRE COLON ERITROCITOS COMMA . RESULTADO COLON NUM_RESULTADO COMMA UNIDAD COLON SIMBOLO_UNIDAD_MCPL COMMA LIMITE COLON LIMITE_VALUES P RKEY

    RESULTADO       shift and go to state 82


state 77

    (20) PARAMETRO -> LKEY NOMBRE COLON HEMOGLOBINA COMMA . RESULTADO COLON NUM_RESULTADO COMMA UNIDAD COLON SIMBOLO_UNIDAD_GPD COMMA LIMITE COLON LIMITE_VALUES P RKEY

    RESULTADO       shift and go to state 83


state 78

    (21) PARAMETRO -> LKEY NOMBRE COLON HEMATOCRITO COMMA . RESULTADO COLON NUM_RESULTADO COMMA UNIDAD COLON SIMBOLO_UNIDAD_PORCENTAJE COMMA LIMITE COLON LIMITE_VALUES P RKEY

    RESULTADO       shift and go to state 84


state 79

    (22) PARAMETRO -> LKEY NOMBRE COLON PLAQUETAS COMMA . RESULTADO COLON NUM_PLAQUETAS COMMA UNIDAD COLON SIMBOLO_UNIDAD_MCPL COMMA LIMITE COLON LIMITE_VALUES P RKEY

    RESULTADO       shift and go to state 85


state 80

    (13) L -> FIRMA COLON LKEY . M RKEY
    (14) M -> . RESPONSABLE COLON CADENA COMMA N

    RESPONSABLE     shift and go to state 87

    M                              shift and go to state 86

state 81

    (18) PARAMETRO -> LKEY NOMBRE COLON LEUCOCITOS COMMA RESULTADO . COLON NUM_RESULTADO COMMA UNIDAD COLON SIMBOLO_UNIDAD_MCPL COMMA LIMITE COLON LIMITE_VALUES P RKEY

    COLON           shift and go to state 88


state 82

    (19) PARAMETRO -> LKEY NOMBRE COLON ERITROCITOS COMMA RESULTADO . COLON NUM_RESULTADO COMMA UNIDAD COLON SIMBOLO_UNIDAD_MCPL COMMA LIMITE COLON LIMITE_VALUES P RKEY

    COLON           shift and go to state 89


state 83

    (20) PARAMETRO -> LKEY NOMBRE COLON HEMOGLOBINA COMMA RESULTADO . COLON NUM_RESULTADO COMMA UNIDAD COLON SIMBOLO_UNIDAD_GPD COMMA LIMITE COLON LIMITE_VALUES P RKEY

    COLON           shift and go to state 90


state 84

    (21) PARAMETRO -> LKEY NOMBRE COLON HEMATOCRITO COMMA RESULTADO . COLON NUM_RESULTADO COMMA UNIDAD COLON SIMBOLO_UNIDAD_PORCENTAJE COMMA LIMITE COLON LIMITE_VALUES P RKEY

    COLON           shift and go to state 91


state 85

    (22) PARAMETRO -> LKEY NOMBRE COLON PLAQUETAS COMMA RESULTADO . COLON NUM_PLAQUETAS COMMA UNIDAD COLON SIMBOLO_UNIDAD_MCPL COMMA LIMITE COLON LIMITE_VALUES P RKEY

    COLON           shift and go to state 92


state 86

    (13) L -> FIRMA COLON LKEY M . RKEY

    RKEY            shift and go to state 93


state 87

    (14) M -> RESPONSABLE . COLON CADENA COMMA N

    COLON           shift and go to state 94


state 88

    (18) PARAMETRO -> LKEY NOMBRE COLON LEUCOCITOS COMMA RESULTADO COLON . NUM_RESULTADO COMMA UNIDAD COLON SIMBOLO_UNIDAD_MCPL COMMA LIMITE COLON LIMITE_VALUES P RKEY

    NUM_RESULTADO   shift and go to state 95


state 89

    (19) PARAMETRO -> LKEY NOMBRE COLON ERITROCITOS COMMA RESULTADO COLON . NUM_RESULTADO COMMA UNIDAD COLON SIMBOLO_UNIDAD_MCPL COMMA LIMITE COLON LIMITE_VALUES P RKEY

    NUM_RESULTADO   shift and go to state 96


state 90

    (20) PARAMETRO -> LKEY NOMBRE COLON HEMOGLOBINA COMMA RESULTADO COLON . NUM_RESULTADO COMMA UNIDAD COLON SIMBOLO_UNIDAD_GPD COMMA LIMITE COLON LIMITE_VALUES P RKEY

    NUM_RESULTADO   shift and go to state 97


state 91

    (21) PARAMETRO -> LKEY NOMBRE COLON HEMATOCRITO COMMA RESULTADO COLON . NUM_RESULTADO COMMA UNIDAD COLON SIMBOLO_UNIDAD_PORCENTAJE COMMA LIMITE COLON LIMITE_VALUES P RKEY

    NUM_RESULTADO   shift and go to state 98


state 92

    (22) PARAMETRO -> LKEY NOMBRE COLON PLAQUETAS COMMA RESULTADO COLON . NUM_PLAQUETAS COMMA UNIDAD COLON SIMBOLO_UNIDAD_MCPL COMMA LIMITE COLON LIMITE_VALUES P RKEY

    NUM_PLAQUETAS   shift and go to state 99


state 93

    (13) L -> FIRMA COLON LKEY M RKEY .

    RKEY            reduce using rule 13 (L -> FIRMA COLON LKEY M RKEY .)


state 94

    (14) M -> RESPONSABLE COLON . CADENA COMMA N

    CADENA          shift and go to state 100


state 95

    (18) PARAMETRO -> LKEY NOMBRE COLON LEUCOCITOS COMMA RESULTADO COLON NUM_RESULTADO . COMMA UNIDAD COLON SIMBOLO_UNIDAD_MCPL COMMA LIMITE COLON LIMITE_VALUES P RKEY

    COMMA           shift and go to state 101


state 96

    (19) PARAMETRO -> LKEY NOMBRE COLON ERITROCITOS COMMA RESULTADO COLON NUM_RESULTADO . COMMA UNIDAD COLON SIMBOLO_UNIDAD_MCPL COMMA LIMITE COLON LIMITE_VALUES P RKEY

    COMMA           shift and go to state 102


state 97

    (20) PARAMETRO -> LKEY NOMBRE COLON HEMOGLOBINA COMMA RESULTADO COLON NUM_RESULTADO . COMMA UNIDAD COLON SIMBOLO_UNIDAD_GPD COMMA LIMITE COLON LIMITE_VALUES P RKEY

    COMMA           shift and go to state 103


state 98

    (21) PARAMETRO -> LKEY NOMBRE COLON HEMATOCRITO COMMA RESULTADO COLON NUM_RESULTADO . COMMA UNIDAD COLON SIMBOLO_UNIDAD_PORCENTAJE COMMA LIMITE COLON LIMITE_VALUES P RKEY

    COMMA           shift and go to state 104


state 99

    (22) PARAMETRO -> LKEY NOMBRE COLON PLAQUETAS COMMA RESULTADO COLON NUM_PLAQUETAS . COMMA UNIDAD COLON SIMBOLO_UNIDAD_MCPL COMMA LIMITE COLON LIMITE_VALUES P RKEY

    COMMA           shift and go to state 105


state 100

    (14) M -> RESPONSABLE COLON CADENA . COMMA N

    COMMA           shift and go to state 106


state 101

    (18) PARAMETRO -> LKEY NOMBRE COLON LEUCOCITOS COMMA RESULTADO COLON NUM_RESULTADO COMMA . UNIDAD COLON SIMBOLO_UNIDAD_MCPL COMMA LIMITE COLON LIMITE_VALUES P RKEY

    UNIDAD          shift and go to state 107


state 102

    (19) PARAMETRO -> LKEY NOMBRE COLON ERITROCITOS COMMA RESULTADO COLON NUM_RESULTADO COMMA . UNIDAD COLON SIMBOLO_UNIDAD_MCPL COMMA LIMITE COLON LIMITE_VALUES P RKEY

    UNIDAD          shift and go to state 108


state 103

    (20) PARAMETRO -> LKEY NOMBRE COLON HEMOGLOBINA COMMA RESULTADO COLON NUM_RESULTADO COMMA . UNIDAD COLON SIMBOLO_UNIDAD_GPD COMMA LIMITE COLON LIMITE_VALUES P RKEY

    UNIDAD          shift and go to state 109


state 104

    (21) PARAMETRO -> LKEY NOMBRE COLON HEMATOCRITO COMMA RESULTADO COLON NUM_RESULTADO COMMA . UNIDAD COLON SIMBOLO_UNIDAD_PORCENTAJE COMMA LIMITE COLON LIMITE_VALUES P RKEY

    UNIDAD          shift and go to state 110


state 105

    (22) PARAMETRO -> LKEY NOMBRE COLON PLAQUETAS COMMA RESULTADO COLON NUM_PLAQUETAS COMMA . UNIDAD COLON SIMBOLO_UNIDAD_MCPL COMMA LIMITE COLON LIMITE_VALUES P RKEY

    UNIDAD          shift and go to state 111


state 106

    (14) M -> RESPONSABLE COLON CADENA COMMA . N
    (15) N -> . CEDULA COLON NUM_CEDULA

    CEDULA          shift and go to state 113

    N                              shift and go to state 112

state 107

    (18) PARAMETRO -> LKEY NOMBRE COLON LEUCOCITOS COMMA RESULTADO COLON NUM_RESULTADO COMMA UNIDAD . COLON SIMBOLO_UNIDAD_MCPL COMMA LIMITE COLON LIMITE_VALUES P RKEY

    COLON           shift and go to state 114


state 108

    (19) PARAMETRO -> LKEY NOMBRE COLON ERITROCITOS COMMA RESULTADO COLON NUM_RESULTADO COMMA UNIDAD . COLON SIMBOLO_UNIDAD_MCPL COMMA LIMITE COLON LIMITE_VALUES P RKEY

    COLON           shift and go to state 115


state 109

    (20) PARAMETRO -> LKEY NOMBRE COLON HEMOGLOBINA COMMA RESULTADO COLON NUM_RESULTADO COMMA UNIDAD . COLON SIMBOLO_UNIDAD_GPD COMMA LIMITE COLON LIMITE_VALUES P RKEY

    COLON           shift and go to state 116


state 110

    (21) PARAMETRO -> LKEY NOMBRE COLON HEMATOCRITO COMMA RESULTADO COLON NUM_RESULTADO COMMA UNIDAD . COLON SIMBOLO_UNIDAD_PORCENTAJE COMMA LIMITE COLON LIMITE_VALUES P RKEY

    COLON           shift and go to state 117


state 111

    (22) PARAMETRO -> LKEY NOMBRE COLON PLAQUETAS COMMA RESULTADO COLON NUM_PLAQUETAS COMMA UNIDAD . COLON SIMBOLO_UNIDAD_MCPL COMMA LIMITE COLON LIMITE_VALUES P RKEY

    COLON           shift and go to state 118


state 112

    (14) M -> RESPONSABLE COLON CADENA COMMA N .

    RKEY            reduce using rule 14 (M -> RESPONSABLE COLON CADENA COMMA N .)


state 113

    (15) N -> CEDULA . COLON NUM_CEDULA

    COLON           shift and go to state 119


state 114

    (18) PARAMETRO -> LKEY NOMBRE COLON LEUCOCITOS COMMA RESULTADO COLON NUM_RESULTADO COMMA UNIDAD COLON . SIMBOLO_UNIDAD_MCPL COMMA LIMITE COLON LIMITE_VALUES P RKEY

    SIMBOLO_UNIDAD_MCPL shift and go to state 120


state 115

    (19) PARAMETRO -> LKEY NOMBRE COLON ERITROCITOS COMMA RESULTADO COLON NUM_RESULTADO COMMA UNIDAD COLON . SIMBOLO_UNIDAD_MCPL COMMA LIMITE COLON LIMITE_VALUES P RKEY

    SIMBOLO_UNIDAD_MCPL shift and go to state 121


state 116

    (20) PARAMETRO -> LKEY NOMBRE COLON HEMOGLOBINA COMMA RESULTADO COLON NUM_RESULTADO COMMA UNIDAD COLON . SIMBOLO_UNIDAD_GPD COMMA LIMITE COLON LIMITE_VALUES P RKEY

    SIMBOLO_UNIDAD_GPD shift and go to state 122


state 117

    (21) PARAMETRO -> LKEY NOMBRE COLON HEMATOCRITO COMMA RESULTADO COLON NUM_RESULTADO COMMA UNIDAD COLON . SIMBOLO_UNIDAD_PORCENTAJE COMMA LIMITE COLON LIMITE_VALUES P RKEY

    SIMBOLO_UNIDAD_PORCENTAJE shift and go to state 123


state 118

    (22) PARAMETRO -> LKEY NOMBRE COLON PLAQUETAS COMMA RESULTADO COLON NUM_PLAQUETAS COMMA UNIDAD COLON . SIMBOLO_UNIDAD_MCPL COMMA LIMITE COLON LIMITE_VALUES P RKEY

    SIMBOLO_UNIDAD_MCPL shift and go to state 124


state 119

    (15) N -> CEDULA COLON . NUM_CEDULA

    NUM_CEDULA      shift and go to state 125


state 120

    (18) PARAMETRO -> LKEY NOMBRE COLON LEUCOCITOS COMMA RESULTADO COLON NUM_RESULTADO COMMA UNIDAD COLON SIMBOLO_UNIDAD_MCPL . COMMA LIMITE COLON LIMITE_VALUES P RKEY

    COMMA           shift and go to state 126


state 121

    (19) PARAMETRO -> LKEY NOMBRE COLON ERITROCITOS COMMA RESULTADO COLON NUM_RESULTADO COMMA UNIDAD COLON SIMBOLO_UNIDAD_MCPL . COMMA LIMITE COLON LIMITE_VALUES P RKEY

    COMMA           shift and go to state 127


state 122

    (20) PARAMETRO -> LKEY NOMBRE COLON HEMOGLOBINA COMMA RESULTADO COLON NUM_RESULTADO COMMA UNIDAD COLON SIMBOLO_UNIDAD_GPD . COMMA LIMITE COLON LIMITE_VALUES P RKEY

    COMMA           shift and go to state 128


state 123

    (21) PARAMETRO -> LKEY NOMBRE COLON HEMATOCRITO COMMA RESULTADO COLON NUM_RESULTADO COMMA UNIDAD COLON SIMBOLO_UNIDAD_PORCENTAJE . COMMA LIMITE COLON LIMITE_VALUES P RKEY

    COMMA           shift and go to state 129


state 124

    (22) PARAMETRO -> LKEY NOMBRE COLON PLAQUETAS COMMA RESULTADO COLON NUM_PLAQUETAS COMMA UNIDAD COLON SIMBOLO_UNIDAD_MCPL . COMMA LIMITE COLON LIMITE_VALUES P RKEY

    COMMA           shift and go to state 130


state 125

    (15) N -> CEDULA COLON NUM_CEDULA .

    RKEY            reduce using rule 15 (N -> CEDULA COLON NUM_CEDULA .)


state 126

    (18) PARAMETRO -> LKEY NOMBRE COLON LEUCOCITOS COMMA RESULTADO COLON NUM_RESULTADO COMMA UNIDAD COLON SIMBOLO_UNIDAD_MCPL COMMA . LIMITE COLON LIMITE_VALUES P RKEY

    LIMITE          shift and go to state 131


state 127

    (19) PARAMETRO -> LKEY NOMBRE COLON ERITROCITOS COMMA RESULTADO COLON NUM_RESULTADO COMMA UNIDAD COLON SIMBOLO_UNIDAD_MCPL COMMA . LIMITE COLON LIMITE_VALUES P RKEY

    LIMITE          shift and go to state 132


state 128

    (20) PARAMETRO -> LKEY NOMBRE COLON HEMOGLOBINA COMMA RESULTADO COLON NUM_RESULTADO COMMA UNIDAD COLON SIMBOLO_UNIDAD_GPD COMMA . LIMITE COLON LIMITE_VALUES P RKEY

    LIMITE          shift and go to state 133


state 129

    (21) PARAMETRO -> LKEY NOMBRE COLON HEMATOCRITO COMMA RESULTADO COLON NUM_RESULTADO COMMA UNIDAD COLON SIMBOLO_UNIDAD_PORCENTAJE COMMA . LIMITE COLON LIMITE_VALUES P RKEY

    LIMITE          shift and go to state 134


state 130

    (22) PARAMETRO -> LKEY NOMBRE COLON PLAQUETAS COMMA RESULTADO COLON NUM_PLAQUETAS COMMA UNIDAD COLON SIMBOLO_UNIDAD_MCPL COMMA . LIMITE COLON LIMITE_VALUES P RKEY

    LIMITE          shift and go to state 135


state 131

    (18) PARAMETRO -> LKEY NOMBRE COLON LEUCOCITOS COMMA RESULTADO COLON NUM_RESULTADO COMMA UNIDAD COLON SIMBOLO_UNIDAD_MCPL COMMA LIMITE . COLON LIMITE_VALUES P RKEY

    COLON           shift and go to state 136


state 132

    (19) PARAMETRO -> LKEY NOMBRE COLON ERITROCITOS COMMA RESULTADO COLON NUM_RESULTADO COMMA UNIDAD COLON SIMBOLO_UNIDAD_MCPL COMMA LIMITE . COLON LIMITE_VALUES P RKEY

    COLON           shift and go to state 137


state 133

    (20) PARAMETRO -> LKEY NOMBRE COLON HEMOGLOBINA COMMA RESULTADO COLON NUM_RESULTADO COMMA UNIDAD COLON SIMBOLO_UNIDAD_GPD COMMA LIMITE . COLON LIMITE_VALUES P RKEY

    COLON           shift and go to state 138


state 134

    (21) PARAMETRO -> LKEY NOMBRE COLON HEMATOCRITO COMMA RESULTADO COLON NUM_RESULTADO COMMA UNIDAD COLON SIMBOLO_UNIDAD_PORCENTAJE COMMA LIMITE . COLON LIMITE_VALUES P RKEY

    COLON           shift and go to state 139


state 135

    (22) PARAMETRO -> LKEY NOMBRE COLON PLAQUETAS COMMA RESULTADO COLON NUM_PLAQUETAS COMMA UNIDAD COLON SIMBOLO_UNIDAD_MCPL COMMA LIMITE . COLON LIMITE_VALUES P RKEY

    COLON           shift and go to state 140


state 136

    (18) PARAMETRO -> LKEY NOMBRE COLON LEUCOCITOS COMMA RESULTADO COLON NUM_RESULTADO COMMA UNIDAD COLON SIMBOLO_UNIDAD_MCPL COMMA LIMITE COLON . LIMITE_VALUES P RKEY

    LIMITE_VALUES   shift and go to state 141


state 137

    (19) PARAMETRO -> LKEY NOMBRE COLON ERITROCITOS COMMA RESULTADO COLON NUM_RESULTADO COMMA UNIDAD COLON SIMBOLO_UNIDAD_MCPL COMMA LIMITE COLON . LIMITE_VALUES P RKEY

    LIMITE_VALUES   shift and go to state 142


state 138

    (20) PARAMETRO -> LKEY NOMBRE COLON HEMOGLOBINA COMMA RESULTADO COLON NUM_RESULTADO COMMA UNIDAD COLON SIMBOLO_UNIDAD_GPD COMMA LIMITE COLON . LIMITE_VALUES P RKEY

    LIMITE_VALUES   shift and go to state 143


state 139

    (21) PARAMETRO -> LKEY NOMBRE COLON HEMATOCRITO COMMA RESULTADO COLON NUM_RESULTADO COMMA UNIDAD COLON SIMBOLO_UNIDAD_PORCENTAJE COMMA LIMITE COLON . LIMITE_VALUES P RKEY

    LIMITE_VALUES   shift and go to state 144


state 140

    (22) PARAMETRO -> LKEY NOMBRE COLON PLAQUETAS COMMA RESULTADO COLON NUM_PLAQUETAS COMMA UNIDAD COLON SIMBOLO_UNIDAD_MCPL COMMA LIMITE COLON . LIMITE_VALUES P RKEY

    LIMITE_VALUES   shift and go to state 145


state 141

    (18) PARAMETRO -> LKEY NOMBRE COLON LEUCOCITOS COMMA RESULTADO COLON NUM_RESULTADO COMMA UNIDAD COLON SIMBOLO_UNIDAD_MCPL COMMA LIMITE COLON LIMITE_VALUES . P RKEY
    (23) P -> . COMMA NOTA COLON SIMBOLOS_NOTA
    (24) P -> .

    COMMA           shift and go to state 146
    RKEY            reduce using rule 24 (P -> .)

    P                              shift and go to state 147

state 142

    (19) PARAMETRO -> LKEY NOMBRE COLON ERITROCITOS COMMA RESULTADO COLON NUM_RESULTADO COMMA UNIDAD COLON SIMBOLO_UNIDAD_MCPL COMMA LIMITE COLON LIMITE_VALUES . P RKEY
    (23) P -> . COMMA NOTA COLON SIMBOLOS_NOTA
    (24) P -> .

    COMMA           shift and go to state 146
    RKEY            reduce using rule 24 (P -> .)

    P                              shift and go to state 148

state 143

    (20) PARAMETRO -> LKEY NOMBRE COLON HEMOGLOBINA COMMA RESULTADO COLON NUM_RESULTADO COMMA UNIDAD COLON SIMBOLO_UNIDAD_GPD COMMA LIMITE COLON LIMITE_VALUES . P RKEY
    (23) P -> . COMMA NOTA COLON SIMBOLOS_NOTA
    (24) P -> .

    COMMA           shift and go to state 146
    RKEY            reduce using rule 24 (P -> .)

    P                              shift and go to state 149

state 144

    (21) PARAMETRO -> LKEY NOMBRE COLON HEMATOCRITO COMMA RESULTADO COLON NUM_RESULTADO COMMA UNIDAD COLON SIMBOLO_UNIDAD_PORCENTAJE COMMA LIMITE COLON LIMITE_VALUES . P RKEY
    (23) P -> . COMMA NOTA COLON SIMBOLOS_NOTA
    (24) P -> .

    COMMA           shift and go to state 146
    RKEY            reduce using rule 24 (P -> .)

    P                              shift and go to state 150

state 145

    (22) PARAMETRO -> LKEY NOMBRE COLON PLAQUETAS COMMA RESULTADO COLON NUM_PLAQUETAS COMMA UNIDAD COLON SIMBOLO_UNIDAD_MCPL COMMA LIMITE COLON LIMITE_VALUES . P RKEY
    (23) P -> . COMMA NOTA COLON SIMBOLOS_NOTA
    (24) P -> .

    COMMA           shift and go to state 146
    RKEY            reduce using rule 24 (P -> .)

    P                              shift and go to state 151

state 146

    (23) P -> COMMA . NOTA COLON SIMBOLOS_NOTA

    NOTA            shift and go to state 152


state 147

    (18) PARAMETRO -> LKEY NOMBRE COLON LEUCOCITOS COMMA RESULTADO COLON NUM_RESULTADO COMMA UNIDAD COLON SIMBOLO_UNIDAD_MCPL COMMA LIMITE COLON LIMITE_VALUES P . RKEY

    RKEY            shift and go to state 153


state 148

    (19) PARAMETRO -> LKEY NOMBRE COLON ERITROCITOS COMMA RESULTADO COLON NUM_RESULTADO COMMA UNIDAD COLON SIMBOLO_UNIDAD_MCPL COMMA LIMITE COLON LIMITE_VALUES P . RKEY

    RKEY            shift and go to state 154


state 149

    (20) PARAMETRO -> LKEY NOMBRE COLON HEMOGLOBINA COMMA RESULTADO COLON NUM_RESULTADO COMMA UNIDAD COLON SIMBOLO_UNIDAD_GPD COMMA LIMITE COLON LIMITE_VALUES P . RKEY

    RKEY            shift and go to state 155


state 150

    (21) PARAMETRO -> LKEY NOMBRE COLON HEMATOCRITO COMMA RESULTADO COLON NUM_RESULTADO COMMA UNIDAD COLON SIMBOLO_UNIDAD_PORCENTAJE COMMA LIMITE COLON LIMITE_VALUES P . RKEY

    RKEY            shift and go to state 156


state 151

    (22) PARAMETRO -> LKEY NOMBRE COLON PLAQUETAS COMMA RESULTADO COLON NUM_PLAQUETAS COMMA UNIDAD COLON SIMBOLO_UNIDAD_MCPL COMMA LIMITE COLON LIMITE_VALUES P . RKEY

    RKEY            shift and go to state 157


state 152

    (23) P -> COMMA NOTA . COLON SIMBOLOS_NOTA

    COLON           shift and go to state 158


state 153

    (18) PARAMETRO -> LKEY NOMBRE COLON LEUCOCITOS COMMA RESULTADO COLON NUM_RESULTADO COMMA UNIDAD COLON SIMBOLO_UNIDAD_MCPL COMMA LIMITE COLON LIMITE_VALUES P RKEY .

    RTKEY           reduce using rule 18 (PARAMETRO -> LKEY NOMBRE COLON LEUCOCITOS COMMA RESULTADO COLON NUM_RESULTADO COMMA UNIDAD COLON SIMBOLO_UNIDAD_MCPL COMMA LIMITE COLON LIMITE_VALUES P RKEY .)
    COMMA           reduce using rule 18 (PARAMETRO -> LKEY NOMBRE COLON LEUCOCITOS COMMA RESULTADO COLON NUM_RESULTADO COMMA UNIDAD COLON SIMBOLO_UNIDAD_MCPL COMMA LIMITE COLON LIMITE_VALUES P RKEY .)


state 154

    (19) PARAMETRO -> LKEY NOMBRE COLON ERITROCITOS COMMA RESULTADO COLON NUM_RESULTADO COMMA UNIDAD COLON SIMBOLO_UNIDAD_MCPL COMMA LIMITE COLON LIMITE_VALUES P RKEY .

    RTKEY           reduce using rule 19 (PARAMETRO -> LKEY NOMBRE COLON ERITROCITOS COMMA RESULTADO COLON NUM_RESULTADO COMMA UNIDAD COLON SIMBOLO_UNIDAD_MCPL COMMA LIMITE COLON LIMITE_VALUES P RKEY .)
    COMMA           reduce using rule 19 (PARAMETRO -> LKEY NOMBRE COLON ERITROCITOS COMMA RESULTADO COLON NUM_RESULTADO COMMA UNIDAD COLON SIMBOLO_UNIDAD_MCPL COMMA LIMITE COLON LIMITE_VALUES P RKEY .)


state 155

    (20) PARAMETRO -> LKEY NOMBRE COLON HEMOGLOBINA COMMA RESULTADO COLON NUM_RESULTADO COMMA UNIDAD COLON SIMBOLO_UNIDAD_GPD COMMA LIMITE COLON LIMITE_VALUES P RKEY .

    RTKEY           reduce using rule 20 (PARAMETRO -> LKEY NOMBRE COLON HEMOGLOBINA COMMA RESULTADO COLON NUM_RESULTADO COMMA UNIDAD COLON SIMBOLO_UNIDAD_GPD COMMA LIMITE COLON LIMITE_VALUES P RKEY .)
    COMMA           reduce using rule 20 (PARAMETRO -> LKEY NOMBRE COLON HEMOGLOBINA COMMA RESULTADO COLON NUM_RESULTADO COMMA UNIDAD COLON SIMBOLO_UNIDAD_GPD COMMA LIMITE COLON LIMITE_VALUES P RKEY .)


state 156

    (21) PARAMETRO -> LKEY NOMBRE COLON HEMATOCRITO COMMA RESULTADO COLON NUM_RESULTADO COMMA UNIDAD COLON SIMBOLO_UNIDAD_PORCENTAJE COMMA LIMITE COLON LIMITE_VALUES P RKEY .

    RTKEY           reduce using rule 21 (PARAMETRO -> LKEY NOMBRE COLON HEMATOCRITO COMMA RESULTADO COLON NUM_RESULTADO COMMA UNIDAD COLON SIMBOLO_UNIDAD_PORCENTAJE COMMA LIMITE COLON LIMITE_VALUES P RKEY .)
    COMMA           reduce using rule 21 (PARAMETRO -> LKEY NOMBRE COLON HEMATOCRITO COMMA RESULTADO COLON NUM_RESULTADO COMMA UNIDAD COLON SIMBOLO_UNIDAD_PORCENTAJE COMMA LIMITE COLON LIMITE_VALUES P RKEY .)


state 157

    (22) PARAMETRO -> LKEY NOMBRE COLON PLAQUETAS COMMA RESULTADO COLON NUM_PLAQUETAS COMMA UNIDAD COLON SIMBOLO_UNIDAD_MCPL COMMA LIMITE COLON LIMITE_VALUES P RKEY .

    RTKEY           reduce using rule 22 (PARAMETRO -> LKEY NOMBRE COLON PLAQUETAS COMMA RESULTADO COLON NUM_PLAQUETAS COMMA UNIDAD COLON SIMBOLO_UNIDAD_MCPL COMMA LIMITE COLON LIMITE_VALUES P RKEY .)
    COMMA           reduce using rule 22 (PARAMETRO -> LKEY NOMBRE COLON PLAQUETAS COMMA RESULTADO COLON NUM_PLAQUETAS COMMA UNIDAD COLON SIMBOLO_UNIDAD_MCPL COMMA LIMITE COLON LIMITE_VALUES P RKEY .)


state 158

    (23) P -> COMMA NOTA COLON . SIMBOLOS_NOTA

    SIMBOLOS_NOTA   shift and go to state 159


state 159

    (23) P -> COMMA NOTA COLON SIMBOLOS_NOTA .

    RKEY            reduce using rule 23 (P -> COMMA NOTA COLON SIMBOLOS_NOTA .)

